<?xml version="1.0" encoding="UTF-8"?>
<!-- Generated by org.testng.reporters.JUnitReportReporter -->
<testsuite hostname="Navaishu" failures="0" tests="1" name="testRunnerPKG.Runner" time="0.096" errors="0" timestamp="2023-09-06T16:07:15 IST" skipped="0">
  <testcase classname="testRunnerPKG.Runner" name="runScenario" time="0.096"/>
</testsuite> <!-- testRunnerPKG.Runner -->
